<?xml version="1.0" encoding="UTF-8" ?>
<testsuite tests="14" failures="0" name="TestFerias" time="0.145" errors="14" skipped="0">
  <properties>
[...]
</properties>
  <testcase classname="TestFerias" name="test_ferias_att_dados_troca_empresa" time="0.007">
    <error message="Unable to create a new remote session. Please check the server log for more details. Original error: Unable to parse remote response: The URL &apos;/wsd/hub/session&apos; did not map to a valid resource
Build info: version: &apos;3.141.59&apos;, revision: &apos;e82be7d358&apos;, time: &apos;2018-11-14T08:17:03&apos;
System info: host: &apos;inspiron&apos;, ip: &apos;192.168.10.142&apos;, os.name: &apos;Linux&apos;, os.arch: &apos;amd64&apos;, os.version: &apos;4.15.0-1036-oem&apos;, java.version: &apos;1.8.0_191&apos;
Driver info: driver.version: AndroidDriver" type="org.openqa.selenium.SessionNotCreatedException">org.openqa.selenium.SessionNotCreatedException: Unable to create a new remote session. Please check the server log for more details. Original error: Unable to parse remote response: The URL &apos;/wsd/hub/session&apos; did not map to a valid resource
Build info: version: &apos;3.141.59&apos;, revision: &apos;e82be7d358&apos;, time: &apos;2018-11-14T08:17:03&apos;
System info: host: &apos;inspiron&apos;, ip: &apos;192.168.10.142&apos;, os.name: &apos;Linux&apos;, os.arch: &apos;amd64&apos;, os.version: &apos;4.15.0-1036-oem&apos;, java.version: &apos;1.8.0_191&apos;
Driver info: driver.version: AndroidDriver
	at io.appium.java_client.remote.AppiumCommandExecutor$1.createSession(AppiumCommandExecutor.java:208)
	at io.appium.java_client.remote.AppiumCommandExecutor.createSession(AppiumCommandExecutor.java:217)
	at io.appium.java_client.remote.AppiumCommandExecutor.execute(AppiumCommandExecutor.java:239)
	at org.openqa.selenium.remote.RemoteWebDriver.execute(RemoteWebDriver.java:552)
	at io.appium.java_client.DefaultGenericMobileDriver.execute(DefaultGenericMobileDriver.java:42)
	at io.appium.java_client.AppiumDriver.execute(AppiumDriver.java:1)
	at io.appium.java_client.android.AndroidDriver.execute(AndroidDriver.java:1)
	at org.openqa.selenium.remote.RemoteWebDriver.startSession(RemoteWebDriver.java:213)
	at org.openqa.selenium.remote.RemoteWebDriver.&lt;init&gt;(RemoteWebDriver.java:131)
	at io.appium.java_client.DefaultGenericMobileDriver.&lt;init&gt;(DefaultGenericMobileDriver.java:38)
	at io.appium.java_client.AppiumDriver.&lt;init&gt;(AppiumDriver.java:84)
	at io.appium.java_client.AppiumDriver.&lt;init&gt;(AppiumDriver.java:94)
	at io.appium.java_client.android.AndroidDriver.&lt;init&gt;(AndroidDriver.java:95)
	at TestBase.setup(TestBase.java:52)
	at sun.reflect.GeneratedMethodAccessor1.invoke(Unknown Source)
	at sun.reflect.DelegatingMethodAccessorImpl.invoke(DelegatingMethodAccessorImpl.java:43)
	at java.lang.reflect.Method.invoke(Method.java:498)
	at org.junit.runners.model.FrameworkMethod$1.runReflectiveCall(FrameworkMethod.java:59)
	at org.junit.internal.runners.model.ReflectiveCallable.run(ReflectiveCallable.java:12)
	at org.junit.runners.model.FrameworkMethod.invokeExplosively(FrameworkMethod.java:56)
	at org.junit.internal.runners.statements.RunBefores.invokeMethod(RunBefores.java:33)
	at org.junit.internal.runners.statements.RunBefores.evaluate(RunBefores.java:24)
	at org.junit.internal.runners.statements.RunAfters.evaluate(RunAfters.java:27)
	at org.junit.runners.ParentRunner$3.evaluate(ParentRunner.java:305)
	at org.junit.runners.BlockJUnit4ClassRunner$1.evaluate(BlockJUnit4ClassRunner.java:100)
	at org.junit.runners.ParentRunner.runLeaf(ParentRunner.java:365)
	at org.junit.runners.BlockJUnit4ClassRunner.runChild(BlockJUnit4ClassRunner.java:103)
	at org.junit.runners.BlockJUnit4ClassRunner.runChild(BlockJUnit4ClassRunner.java:63)
	at org.junit.runners.ParentRunner$4.run(ParentRunner.java:330)
	at org.junit.runners.ParentRunner$1.schedule(ParentRunner.java:78)
	at org.junit.runners.ParentRunner.runChildren(ParentRunner.java:328)
	at org.junit.runners.ParentRunner.access$100(ParentRunner.java:65)
	at org.junit.runners.ParentRunner$2.evaluate(ParentRunner.java:292)
	at org.junit.runners.ParentRunner$3.evaluate(ParentRunner.java:305)
	at org.junit.runners.ParentRunner.run(ParentRunner.java:412)
	at org.apache.maven.surefire.junit4.JUnit4Provider.execute(JUnit4Provider.java:252)
	at org.apache.maven.surefire.junit4.JUnit4Provider.executeTestSet(JUnit4Provider.java:141)
	at org.apache.maven.surefire.junit4.JUnit4Provider.invoke(JUnit4Provider.java:112)
	at sun.reflect.NativeMethodAccessorImpl.invoke0(Native Method)
	at sun.reflect.NativeMethodAccessorImpl.invoke(NativeMethodAccessorImpl.java:62)
	at sun.reflect.DelegatingMethodAccessorImpl.invoke(DelegatingMethodAccessorImpl.java:43)
	at java.lang.reflect.Method.invoke(Method.java:498)
	at org.apache.maven.surefire.util.ReflectionUtils.invokeMethodWithArray(ReflectionUtils.java:189)
	at org.apache.maven.surefire.booter.ProviderFactory$ProviderProxy.invoke(ProviderFactory.java:165)
	at org.apache.maven.surefire.booter.ProviderFactory.invokeProvider(ProviderFactory.java:85)
	at org.apache.maven.surefire.booter.ForkedBooter.runSuitesInProcess(ForkedBooter.java:115)
	at org.apache.maven.surefire.booter.ForkedBooter.main(ForkedBooter.java:75)
Caused by: java.lang.reflect.InvocationTargetException
	at sun.reflect.GeneratedMethodAccessor2.invoke(Unknown Source)
	at sun.reflect.DelegatingMethodAccessorImpl.invoke(DelegatingMethodAccessorImpl.java:43)
	at java.lang.reflect.Method.invoke(Method.java:498)
	at io.appium.java_client.remote.AppiumCommandExecutor$1.createSession(AppiumCommandExecutor.java:186)
	... 46 more
Caused by: org.openqa.selenium.WebDriverException: Unable to parse remote response: The URL &apos;/wsd/hub/session&apos; did not map to a valid resource
	at org.openqa.selenium.remote.ProtocolHandshake.createSession(ProtocolHandshake.java:115)
	... 50 more
Caused by: org.openqa.selenium.json.JsonException: Unable to determine type from: T. Last 1 characters read: T
Build info: version: &apos;3.141.59&apos;, revision: &apos;e82be7d358&apos;, time: &apos;2018-11-14T08:17:03&apos;
System info: host: &apos;inspiron&apos;, ip: &apos;192.168.10.142&apos;, os.name: &apos;Linux&apos;, os.arch: &apos;amd64&apos;, os.version: &apos;4.15.0-1036-oem&apos;, java.version: &apos;1.8.0_191&apos;
Driver info: driver.version: AndroidDriver
	at org.openqa.selenium.json.JsonInput.peek(JsonInput.java:122)
	at org.openqa.selenium.json.JsonTypeCoercer.lambda$null$6(JsonTypeCoercer.java:140)
	at org.openqa.selenium.json.JsonTypeCoercer.coerce(JsonTypeCoercer.java:126)
	at org.openqa.selenium.json.Json.toType(Json.java:69)
	at org.openqa.selenium.json.Json.toType(Json.java:55)
	at org.openqa.selenium.json.Json.toType(Json.java:50)
	at org.openqa.selenium.remote.ProtocolHandshake.createSession(ProtocolHandshake.java:112)
	... 50 more
</error>
  </testcase>
  <testcase classname="TestFerias" name="test_ferias_att_dados_troca_empresa" time="0.007">
    <error type="java.lang.NullPointerException">java.lang.NullPointerException
	at TestBase.tearDown(TestBase.java:214)
	at sun.reflect.GeneratedMethodAccessor3.invoke(Unknown Source)
	at sun.reflect.DelegatingMethodAccessorImpl.invoke(DelegatingMethodAccessorImpl.java:43)
	at java.lang.reflect.Method.invoke(Method.java:498)
	at org.junit.runners.model.FrameworkMethod$1.runReflectiveCall(FrameworkMethod.java:59)
	at org.junit.internal.runners.model.ReflectiveCallable.run(ReflectiveCallable.java:12)
	at org.junit.runners.model.FrameworkMethod.invokeExplosively(FrameworkMethod.java:56)
	at org.junit.internal.runners.statements.RunAfters.invokeMethod(RunAfters.java:46)
	at org.junit.internal.runners.statements.RunAfters.evaluate(RunAfters.java:33)
	at org.junit.runners.ParentRunner$3.evaluate(ParentRunner.java:305)
	at org.junit.runners.BlockJUnit4ClassRunner$1.evaluate(BlockJUnit4ClassRunner.java:100)
	at org.junit.runners.ParentRunner.runLeaf(ParentRunner.java:365)
	at org.junit.runners.BlockJUnit4ClassRunner.runChild(BlockJUnit4ClassRunner.java:103)
	at org.junit.runners.BlockJUnit4ClassRunner.runChild(BlockJUnit4ClassRunner.java:63)
	at org.junit.runners.ParentRunner$4.run(ParentRunner.java:330)
	at org.junit.runners.ParentRunner$1.schedule(ParentRunner.java:78)
	at org.junit.runners.ParentRunner.runChildren(ParentRunner.java:328)
	at org.junit.runners.ParentRunner.access$100(ParentRunner.java:65)
	at org.junit.runners.ParentRunner$2.evaluate(ParentRunner.java:292)
	at org.junit.runners.ParentRunner$3.evaluate(ParentRunner.java:305)
	at org.junit.runners.ParentRunner.run(ParentRunner.java:412)
	at org.apache.maven.surefire.junit4.JUnit4Provider.execute(JUnit4Provider.java:252)
	at org.apache.maven.surefire.junit4.JUnit4Provider.executeTestSet(JUnit4Provider.java:141)
	at org.apache.maven.surefire.junit4.JUnit4Provider.invoke(JUnit4Provider.java:112)
	at sun.reflect.NativeMethodAccessorImpl.invoke0(Native Method)
	at sun.reflect.NativeMethodAccessorImpl.invoke(NativeMethodAccessorImpl.java:62)
	at sun.reflect.DelegatingMethodAccessorImpl.invoke(DelegatingMethodAccessorImpl.java:43)
	at java.lang.reflect.Method.invoke(Method.java:498)
	at org.apache.maven.surefire.util.ReflectionUtils.invokeMethodWithArray(ReflectionUtils.java:189)
	at org.apache.maven.surefire.booter.ProviderFactory$ProviderProxy.invoke(ProviderFactory.java:165)
	at org.apache.maven.surefire.booter.ProviderFactory.invokeProvider(ProviderFactory.java:85)
	at org.apache.maven.surefire.booter.ForkedBooter.runSuitesInProcess(ForkedBooter.java:115)
	at org.apache.maven.surefire.booter.ForkedBooter.main(ForkedBooter.java:75)
</error>
  </testcase>
  <testcase classname="TestFerias" name="test_ferias_vizualizar_matriculas" time="0.006">
    <error message="Unable to create a new remote session. Please check the server log for more details. Original error: Unable to parse remote response: The URL &apos;/wsd/hub/session&apos; did not map to a valid resource
Build info: version: &apos;3.141.59&apos;, revision: &apos;e82be7d358&apos;, time: &apos;2018-11-14T08:17:03&apos;
System info: host: &apos;inspiron&apos;, ip: &apos;192.168.10.142&apos;, os.name: &apos;Linux&apos;, os.arch: &apos;amd64&apos;, os.version: &apos;4.15.0-1036-oem&apos;, java.version: &apos;1.8.0_191&apos;
Driver info: driver.version: AndroidDriver" type="org.openqa.selenium.SessionNotCreatedException">org.openqa.selenium.SessionNotCreatedException: Unable to create a new remote session. Please check the server log for more details. Original error: Unable to parse remote response: The URL &apos;/wsd/hub/session&apos; did not map to a valid resource
Build info: version: &apos;3.141.59&apos;, revision: &apos;e82be7d358&apos;, time: &apos;2018-11-14T08:17:03&apos;
System info: host: &apos;inspiron&apos;, ip: &apos;192.168.10.142&apos;, os.name: &apos;Linux&apos;, os.arch: &apos;amd64&apos;, os.version: &apos;4.15.0-1036-oem&apos;, java.version: &apos;1.8.0_191&apos;
Driver info: driver.version: AndroidDriver
	at io.appium.java_client.remote.AppiumCommandExecutor$1.createSession(AppiumCommandExecutor.java:208)
	at io.appium.java_client.remote.AppiumCommandExecutor.createSession(AppiumCommandExecutor.java:217)
	at io.appium.java_client.remote.AppiumCommandExecutor.execute(AppiumCommandExecutor.java:239)
	at org.openqa.selenium.remote.RemoteWebDriver.execute(RemoteWebDriver.java:552)
	at io.appium.java_client.DefaultGenericMobileDriver.execute(DefaultGenericMobileDriver.java:42)
	at io.appium.java_client.AppiumDriver.execute(AppiumDriver.java:1)
	at io.appium.java_client.android.AndroidDriver.execute(AndroidDriver.java:1)
	at org.openqa.selenium.remote.RemoteWebDriver.startSession(RemoteWebDriver.java:213)
	at org.openqa.selenium.remote.RemoteWebDriver.&lt;init&gt;(RemoteWebDriver.java:131)
	at io.appium.java_client.DefaultGenericMobileDriver.&lt;init&gt;(DefaultGenericMobileDriver.java:38)
	at io.appium.java_client.AppiumDriver.&lt;init&gt;(AppiumDriver.java:84)
	at io.appium.java_client.AppiumDriver.&lt;init&gt;(AppiumDriver.java:94)
	at io.appium.java_client.android.AndroidDriver.&lt;init&gt;(AndroidDriver.java:95)
	at TestBase.setup(TestBase.java:52)
	at sun.reflect.GeneratedMethodAccessor1.invoke(Unknown Source)
	at sun.reflect.DelegatingMethodAccessorImpl.invoke(DelegatingMethodAccessorImpl.java:43)
	at java.lang.reflect.Method.invoke(Method.java:498)
	at org.junit.runners.model.FrameworkMethod$1.runReflectiveCall(FrameworkMethod.java:59)
	at org.junit.internal.runners.model.ReflectiveCallable.run(ReflectiveCallable.java:12)
	at org.junit.runners.model.FrameworkMethod.invokeExplosively(FrameworkMethod.java:56)
	at org.junit.internal.runners.statements.RunBefores.invokeMethod(RunBefores.java:33)
	at org.junit.internal.runners.statements.RunBefores.evaluate(RunBefores.java:24)
	at org.junit.internal.runners.statements.RunAfters.evaluate(RunAfters.java:27)
	at org.junit.runners.ParentRunner$3.evaluate(ParentRunner.java:305)
	at org.junit.runners.BlockJUnit4ClassRunner$1.evaluate(BlockJUnit4ClassRunner.java:100)
	at org.junit.runners.ParentRunner.runLeaf(ParentRunner.java:365)
	at org.junit.runners.BlockJUnit4ClassRunner.runChild(BlockJUnit4ClassRunner.java:103)
	at org.junit.runners.BlockJUnit4ClassRunner.runChild(BlockJUnit4ClassRunner.java:63)
	at org.junit.runners.ParentRunner$4.run(ParentRunner.java:330)
	at org.junit.runners.ParentRunner$1.schedule(ParentRunner.java:78)
	at org.junit.runners.ParentRunner.runChildren(ParentRunner.java:328)
	at org.junit.runners.ParentRunner.access$100(ParentRunner.java:65)
	at org.junit.runners.ParentRunner$2.evaluate(ParentRunner.java:292)
	at org.junit.runners.ParentRunner$3.evaluate(ParentRunner.java:305)
	at org.junit.runners.ParentRunner.run(ParentRunner.java:412)
	at org.apache.maven.surefire.junit4.JUnit4Provider.execute(JUnit4Provider.java:252)
	at org.apache.maven.surefire.junit4.JUnit4Provider.executeTestSet(JUnit4Provider.java:141)
	at org.apache.maven.surefire.junit4.JUnit4Provider.invoke(JUnit4Provider.java:112)
	at sun.reflect.NativeMethodAccessorImpl.invoke0(Native Method)
	at sun.reflect.NativeMethodAccessorImpl.invoke(NativeMethodAccessorImpl.java:62)
	at sun.reflect.DelegatingMethodAccessorImpl.invoke(DelegatingMethodAccessorImpl.java:43)
	at java.lang.reflect.Method.invoke(Method.java:498)
	at org.apache.maven.surefire.util.ReflectionUtils.invokeMethodWithArray(ReflectionUtils.java:189)
	at org.apache.maven.surefire.booter.ProviderFactory$ProviderProxy.invoke(ProviderFactory.java:165)
	at org.apache.maven.surefire.booter.ProviderFactory.invokeProvider(ProviderFactory.java:85)
	at org.apache.maven.surefire.booter.ForkedBooter.runSuitesInProcess(ForkedBooter.java:115)
	at org.apache.maven.surefire.booter.ForkedBooter.main(ForkedBooter.java:75)
Caused by: java.lang.reflect.InvocationTargetException
	at sun.reflect.GeneratedMethodAccessor2.invoke(Unknown Source)
	at sun.reflect.DelegatingMethodAccessorImpl.invoke(DelegatingMethodAccessorImpl.java:43)
	at java.lang.reflect.Method.invoke(Method.java:498)
	at io.appium.java_client.remote.AppiumCommandExecutor$1.createSession(AppiumCommandExecutor.java:186)
	... 46 more
Caused by: org.openqa.selenium.WebDriverException: Unable to parse remote response: The URL &apos;/wsd/hub/session&apos; did not map to a valid resource
	at org.openqa.selenium.remote.ProtocolHandshake.createSession(ProtocolHandshake.java:115)
	... 50 more
Caused by: org.openqa.selenium.json.JsonException: Unable to determine type from: T. Last 1 characters read: T
Build info: version: &apos;3.141.59&apos;, revision: &apos;e82be7d358&apos;, time: &apos;2018-11-14T08:17:03&apos;
System info: host: &apos;inspiron&apos;, ip: &apos;192.168.10.142&apos;, os.name: &apos;Linux&apos;, os.arch: &apos;amd64&apos;, os.version: &apos;4.15.0-1036-oem&apos;, java.version: &apos;1.8.0_191&apos;
Driver info: driver.version: AndroidDriver
	at org.openqa.selenium.json.JsonInput.peek(JsonInput.java:122)
	at org.openqa.selenium.json.JsonTypeCoercer.lambda$null$6(JsonTypeCoercer.java:140)
	at org.openqa.selenium.json.JsonTypeCoercer.coerce(JsonTypeCoercer.java:126)
	at org.openqa.selenium.json.Json.toType(Json.java:69)
	at org.openqa.selenium.json.Json.toType(Json.java:55)
	at org.openqa.selenium.json.Json.toType(Json.java:50)
	at org.openqa.selenium.remote.ProtocolHandshake.createSession(ProtocolHandshake.java:112)
	... 50 more
</error>
  </testcase>
  <testcase classname="TestFerias" name="test_ferias_vizualizar_matriculas" time="0.006">
    <error type="java.lang.NullPointerException">java.lang.NullPointerException
	at TestBase.tearDown(TestBase.java:214)
	at sun.reflect.GeneratedMethodAccessor3.invoke(Unknown Source)
	at sun.reflect.DelegatingMethodAccessorImpl.invoke(DelegatingMethodAccessorImpl.java:43)
	at java.lang.reflect.Method.invoke(Method.java:498)
	at org.junit.runners.model.FrameworkMethod$1.runReflectiveCall(FrameworkMethod.java:59)
	at org.junit.internal.runners.model.ReflectiveCallable.run(ReflectiveCallable.java:12)
	at org.junit.runners.model.FrameworkMethod.invokeExplosively(FrameworkMethod.java:56)
	at org.junit.internal.runners.statements.RunAfters.invokeMethod(RunAfters.java:46)
	at org.junit.internal.runners.statements.RunAfters.evaluate(RunAfters.java:33)
	at org.junit.runners.ParentRunner$3.evaluate(ParentRunner.java:305)
	at org.junit.runners.BlockJUnit4ClassRunner$1.evaluate(BlockJUnit4ClassRunner.java:100)
	at org.junit.runners.ParentRunner.runLeaf(ParentRunner.java:365)
	at org.junit.runners.BlockJUnit4ClassRunner.runChild(BlockJUnit4ClassRunner.java:103)
	at org.junit.runners.BlockJUnit4ClassRunner.runChild(BlockJUnit4ClassRunner.java:63)
	at org.junit.runners.ParentRunner$4.run(ParentRunner.java:330)
	at org.junit.runners.ParentRunner$1.schedule(ParentRunner.java:78)
	at org.junit.runners.ParentRunner.runChildren(ParentRunner.java:328)
	at org.junit.runners.ParentRunner.access$100(ParentRunner.java:65)
	at org.junit.runners.ParentRunner$2.evaluate(ParentRunner.java:292)
	at org.junit.runners.ParentRunner$3.evaluate(ParentRunner.java:305)
	at org.junit.runners.ParentRunner.run(ParentRunner.java:412)
	at org.apache.maven.surefire.junit4.JUnit4Provider.execute(JUnit4Provider.java:252)
	at org.apache.maven.surefire.junit4.JUnit4Provider.executeTestSet(JUnit4Provider.java:141)
	at org.apache.maven.surefire.junit4.JUnit4Provider.invoke(JUnit4Provider.java:112)
	at sun.reflect.NativeMethodAccessorImpl.invoke0(Native Method)
	at sun.reflect.NativeMethodAccessorImpl.invoke(NativeMethodAccessorImpl.java:62)
	at sun.reflect.DelegatingMethodAccessorImpl.invoke(DelegatingMethodAccessorImpl.java:43)
	at java.lang.reflect.Method.invoke(Method.java:498)
	at org.apache.maven.surefire.util.ReflectionUtils.invokeMethodWithArray(ReflectionUtils.java:189)
	at org.apache.maven.surefire.booter.ProviderFactory$ProviderProxy.invoke(ProviderFactory.java:165)
	at org.apache.maven.surefire.booter.ProviderFactory.invokeProvider(ProviderFactory.java:85)
	at org.apache.maven.surefire.booter.ForkedBooter.runSuitesInProcess(ForkedBooter.java:115)
	at org.apache.maven.surefire.booter.ForkedBooter.main(ForkedBooter.java:75)
</error>
  </testcase>
  <testcase classname="TestFerias" name="test_ferias_vizualizar_ferias_meses" time="0.009">
    <error message="Unable to create a new remote session. Please check the server log for more details. Original error: Unable to parse remote response: The URL &apos;/wsd/hub/session&apos; did not map to a valid resource
Build info: version: &apos;3.141.59&apos;, revision: &apos;e82be7d358&apos;, time: &apos;2018-11-14T08:17:03&apos;
System info: host: &apos;inspiron&apos;, ip: &apos;192.168.10.142&apos;, os.name: &apos;Linux&apos;, os.arch: &apos;amd64&apos;, os.version: &apos;4.15.0-1036-oem&apos;, java.version: &apos;1.8.0_191&apos;
Driver info: driver.version: AndroidDriver" type="org.openqa.selenium.SessionNotCreatedException">org.openqa.selenium.SessionNotCreatedException: Unable to create a new remote session. Please check the server log for more details. Original error: Unable to parse remote response: The URL &apos;/wsd/hub/session&apos; did not map to a valid resource
Build info: version: &apos;3.141.59&apos;, revision: &apos;e82be7d358&apos;, time: &apos;2018-11-14T08:17:03&apos;
System info: host: &apos;inspiron&apos;, ip: &apos;192.168.10.142&apos;, os.name: &apos;Linux&apos;, os.arch: &apos;amd64&apos;, os.version: &apos;4.15.0-1036-oem&apos;, java.version: &apos;1.8.0_191&apos;
Driver info: driver.version: AndroidDriver
	at io.appium.java_client.remote.AppiumCommandExecutor$1.createSession(AppiumCommandExecutor.java:208)
	at io.appium.java_client.remote.AppiumCommandExecutor.createSession(AppiumCommandExecutor.java:217)
	at io.appium.java_client.remote.AppiumCommandExecutor.execute(AppiumCommandExecutor.java:239)
	at org.openqa.selenium.remote.RemoteWebDriver.execute(RemoteWebDriver.java:552)
	at io.appium.java_client.DefaultGenericMobileDriver.execute(DefaultGenericMobileDriver.java:42)
	at io.appium.java_client.AppiumDriver.execute(AppiumDriver.java:1)
	at io.appium.java_client.android.AndroidDriver.execute(AndroidDriver.java:1)
	at org.openqa.selenium.remote.RemoteWebDriver.startSession(RemoteWebDriver.java:213)
	at org.openqa.selenium.remote.RemoteWebDriver.&lt;init&gt;(RemoteWebDriver.java:131)
	at io.appium.java_client.DefaultGenericMobileDriver.&lt;init&gt;(DefaultGenericMobileDriver.java:38)
	at io.appium.java_client.AppiumDriver.&lt;init&gt;(AppiumDriver.java:84)
	at io.appium.java_client.AppiumDriver.&lt;init&gt;(AppiumDriver.java:94)
	at io.appium.java_client.android.AndroidDriver.&lt;init&gt;(AndroidDriver.java:95)
	at TestBase.setup(TestBase.java:52)
	at sun.reflect.GeneratedMethodAccessor1.invoke(Unknown Source)
	at sun.reflect.DelegatingMethodAccessorImpl.invoke(DelegatingMethodAccessorImpl.java:43)
	at java.lang.reflect.Method.invoke(Method.java:498)
	at org.junit.runners.model.FrameworkMethod$1.runReflectiveCall(FrameworkMethod.java:59)
	at org.junit.internal.runners.model.ReflectiveCallable.run(ReflectiveCallable.java:12)
	at org.junit.runners.model.FrameworkMethod.invokeExplosively(FrameworkMethod.java:56)
	at org.junit.internal.runners.statements.RunBefores.invokeMethod(RunBefores.java:33)
	at org.junit.internal.runners.statements.RunBefores.evaluate(RunBefores.java:24)
	at org.junit.internal.runners.statements.RunAfters.evaluate(RunAfters.java:27)
	at org.junit.runners.ParentRunner$3.evaluate(ParentRunner.java:305)
	at org.junit.runners.BlockJUnit4ClassRunner$1.evaluate(BlockJUnit4ClassRunner.java:100)
	at org.junit.runners.ParentRunner.runLeaf(ParentRunner.java:365)
	at org.junit.runners.BlockJUnit4ClassRunner.runChild(BlockJUnit4ClassRunner.java:103)
	at org.junit.runners.BlockJUnit4ClassRunner.runChild(BlockJUnit4ClassRunner.java:63)
	at org.junit.runners.ParentRunner$4.run(ParentRunner.java:330)
	at org.junit.runners.ParentRunner$1.schedule(ParentRunner.java:78)
	at org.junit.runners.ParentRunner.runChildren(ParentRunner.java:328)
	at org.junit.runners.ParentRunner.access$100(ParentRunner.java:65)
	at org.junit.runners.ParentRunner$2.evaluate(ParentRunner.java:292)
	at org.junit.runners.ParentRunner$3.evaluate(ParentRunner.java:305)
	at org.junit.runners.ParentRunner.run(ParentRunner.java:412)
	at org.apache.maven.surefire.junit4.JUnit4Provider.execute(JUnit4Provider.java:252)
	at org.apache.maven.surefire.junit4.JUnit4Provider.executeTestSet(JUnit4Provider.java:141)
	at org.apache.maven.surefire.junit4.JUnit4Provider.invoke(JUnit4Provider.java:112)
	at sun.reflect.NativeMethodAccessorImpl.invoke0(Native Method)
	at sun.reflect.NativeMethodAccessorImpl.invoke(NativeMethodAccessorImpl.java:62)
	at sun.reflect.DelegatingMethodAccessorImpl.invoke(DelegatingMethodAccessorImpl.java:43)
	at java.lang.reflect.Method.invoke(Method.java:498)
	at org.apache.maven.surefire.util.ReflectionUtils.invokeMethodWithArray(ReflectionUtils.java:189)
	at org.apache.maven.surefire.booter.ProviderFactory$ProviderProxy.invoke(ProviderFactory.java:165)
	at org.apache.maven.surefire.booter.ProviderFactory.invokeProvider(ProviderFactory.java:85)
	at org.apache.maven.surefire.booter.ForkedBooter.runSuitesInProcess(ForkedBooter.java:115)
	at org.apache.maven.surefire.booter.ForkedBooter.main(ForkedBooter.java:75)
Caused by: java.lang.reflect.InvocationTargetException
	at sun.reflect.GeneratedMethodAccessor2.invoke(Unknown Source)
	at sun.reflect.DelegatingMethodAccessorImpl.invoke(DelegatingMethodAccessorImpl.java:43)
	at java.lang.reflect.Method.invoke(Method.java:498)
	at io.appium.java_client.remote.AppiumCommandExecutor$1.createSession(AppiumCommandExecutor.java:186)
	... 46 more
Caused by: org.openqa.selenium.WebDriverException: Unable to parse remote response: The URL &apos;/wsd/hub/session&apos; did not map to a valid resource
	at org.openqa.selenium.remote.ProtocolHandshake.createSession(ProtocolHandshake.java:115)
	... 50 more
Caused by: org.openqa.selenium.json.JsonException: Unable to determine type from: T. Last 1 characters read: T
Build info: version: &apos;3.141.59&apos;, revision: &apos;e82be7d358&apos;, time: &apos;2018-11-14T08:17:03&apos;
System info: host: &apos;inspiron&apos;, ip: &apos;192.168.10.142&apos;, os.name: &apos;Linux&apos;, os.arch: &apos;amd64&apos;, os.version: &apos;4.15.0-1036-oem&apos;, java.version: &apos;1.8.0_191&apos;
Driver info: driver.version: AndroidDriver
	at org.openqa.selenium.json.JsonInput.peek(JsonInput.java:122)
	at org.openqa.selenium.json.JsonTypeCoercer.lambda$null$6(JsonTypeCoercer.java:140)
	at org.openqa.selenium.json.JsonTypeCoercer.coerce(JsonTypeCoercer.java:126)
	at org.openqa.selenium.json.Json.toType(Json.java:69)
	at org.openqa.selenium.json.Json.toType(Json.java:55)
	at org.openqa.selenium.json.Json.toType(Json.java:50)
	at org.openqa.selenium.remote.ProtocolHandshake.createSession(ProtocolHandshake.java:112)
	... 50 more
</error>
  </testcase>
  <testcase classname="TestFerias" name="test_ferias_vizualizar_ferias_meses" time="0.009">
    <error type="java.lang.NullPointerException">java.lang.NullPointerException
	at TestBase.tearDown(TestBase.java:214)
	at sun.reflect.GeneratedMethodAccessor3.invoke(Unknown Source)
	at sun.reflect.DelegatingMethodAccessorImpl.invoke(DelegatingMethodAccessorImpl.java:43)
	at java.lang.reflect.Method.invoke(Method.java:498)
	at org.junit.runners.model.FrameworkMethod$1.runReflectiveCall(FrameworkMethod.java:59)
	at org.junit.internal.runners.model.ReflectiveCallable.run(ReflectiveCallable.java:12)
	at org.junit.runners.model.FrameworkMethod.invokeExplosively(FrameworkMethod.java:56)
	at org.junit.internal.runners.statements.RunAfters.invokeMethod(RunAfters.java:46)
	at org.junit.internal.runners.statements.RunAfters.evaluate(RunAfters.java:33)
	at org.junit.runners.ParentRunner$3.evaluate(ParentRunner.java:305)
	at org.junit.runners.BlockJUnit4ClassRunner$1.evaluate(BlockJUnit4ClassRunner.java:100)
	at org.junit.runners.ParentRunner.runLeaf(ParentRunner.java:365)
	at org.junit.runners.BlockJUnit4ClassRunner.runChild(BlockJUnit4ClassRunner.java:103)
	at org.junit.runners.BlockJUnit4ClassRunner.runChild(BlockJUnit4ClassRunner.java:63)
	at org.junit.runners.ParentRunner$4.run(ParentRunner.java:330)
	at org.junit.runners.ParentRunner$1.schedule(ParentRunner.java:78)
	at org.junit.runners.ParentRunner.runChildren(ParentRunner.java:328)
	at org.junit.runners.ParentRunner.access$100(ParentRunner.java:65)
	at org.junit.runners.ParentRunner$2.evaluate(ParentRunner.java:292)
	at org.junit.runners.ParentRunner$3.evaluate(ParentRunner.java:305)
	at org.junit.runners.ParentRunner.run(ParentRunner.java:412)
	at org.apache.maven.surefire.junit4.JUnit4Provider.execute(JUnit4Provider.java:252)
	at org.apache.maven.surefire.junit4.JUnit4Provider.executeTestSet(JUnit4Provider.java:141)
	at org.apache.maven.surefire.junit4.JUnit4Provider.invoke(JUnit4Provider.java:112)
	at sun.reflect.NativeMethodAccessorImpl.invoke0(Native Method)
	at sun.reflect.NativeMethodAccessorImpl.invoke(NativeMethodAccessorImpl.java:62)
	at sun.reflect.DelegatingMethodAccessorImpl.invoke(DelegatingMethodAccessorImpl.java:43)
	at java.lang.reflect.Method.invoke(Method.java:498)
	at org.apache.maven.surefire.util.ReflectionUtils.invokeMethodWithArray(ReflectionUtils.java:189)
	at org.apache.maven.surefire.booter.ProviderFactory$ProviderProxy.invoke(ProviderFactory.java:165)
	at org.apache.maven.surefire.booter.ProviderFactory.invokeProvider(ProviderFactory.java:85)
	at org.apache.maven.surefire.booter.ForkedBooter.runSuitesInProcess(ForkedBooter.java:115)
	at org.apache.maven.surefire.booter.ForkedBooter.main(ForkedBooter.java:75)
</error>
  </testcase>
  <testcase classname="TestFerias" name="test_ferias_exibir_download_pdf" time="0.034">
    <error message="Unable to create a new remote session. Please check the server log for more details. Original error: Unable to parse remote response: The URL &apos;/wsd/hub/session&apos; did not map to a valid resource
Build info: version: &apos;3.141.59&apos;, revision: &apos;e82be7d358&apos;, time: &apos;2018-11-14T08:17:03&apos;
System info: host: &apos;inspiron&apos;, ip: &apos;192.168.10.142&apos;, os.name: &apos;Linux&apos;, os.arch: &apos;amd64&apos;, os.version: &apos;4.15.0-1036-oem&apos;, java.version: &apos;1.8.0_191&apos;
Driver info: driver.version: AndroidDriver" type="org.openqa.selenium.SessionNotCreatedException">org.openqa.selenium.SessionNotCreatedException: Unable to create a new remote session. Please check the server log for more details. Original error: Unable to parse remote response: The URL &apos;/wsd/hub/session&apos; did not map to a valid resource
Build info: version: &apos;3.141.59&apos;, revision: &apos;e82be7d358&apos;, time: &apos;2018-11-14T08:17:03&apos;
System info: host: &apos;inspiron&apos;, ip: &apos;192.168.10.142&apos;, os.name: &apos;Linux&apos;, os.arch: &apos;amd64&apos;, os.version: &apos;4.15.0-1036-oem&apos;, java.version: &apos;1.8.0_191&apos;
Driver info: driver.version: AndroidDriver
	at io.appium.java_client.remote.AppiumCommandExecutor$1.createSession(AppiumCommandExecutor.java:208)
	at io.appium.java_client.remote.AppiumCommandExecutor.createSession(AppiumCommandExecutor.java:217)
	at io.appium.java_client.remote.AppiumCommandExecutor.execute(AppiumCommandExecutor.java:239)
	at org.openqa.selenium.remote.RemoteWebDriver.execute(RemoteWebDriver.java:552)
	at io.appium.java_client.DefaultGenericMobileDriver.execute(DefaultGenericMobileDriver.java:42)
	at io.appium.java_client.AppiumDriver.execute(AppiumDriver.java:1)
	at io.appium.java_client.android.AndroidDriver.execute(AndroidDriver.java:1)
	at org.openqa.selenium.remote.RemoteWebDriver.startSession(RemoteWebDriver.java:213)
	at org.openqa.selenium.remote.RemoteWebDriver.&lt;init&gt;(RemoteWebDriver.java:131)
	at io.appium.java_client.DefaultGenericMobileDriver.&lt;init&gt;(DefaultGenericMobileDriver.java:38)
	at io.appium.java_client.AppiumDriver.&lt;init&gt;(AppiumDriver.java:84)
	at io.appium.java_client.AppiumDriver.&lt;init&gt;(AppiumDriver.java:94)
	at io.appium.java_client.android.AndroidDriver.&lt;init&gt;(AndroidDriver.java:95)
	at TestBase.setup(TestBase.java:52)
	at sun.reflect.GeneratedMethodAccessor1.invoke(Unknown Source)
	at sun.reflect.DelegatingMethodAccessorImpl.invoke(DelegatingMethodAccessorImpl.java:43)
	at java.lang.reflect.Method.invoke(Method.java:498)
	at org.junit.runners.model.FrameworkMethod$1.runReflectiveCall(FrameworkMethod.java:59)
	at org.junit.internal.runners.model.ReflectiveCallable.run(ReflectiveCallable.java:12)
	at org.junit.runners.model.FrameworkMethod.invokeExplosively(FrameworkMethod.java:56)
	at org.junit.internal.runners.statements.RunBefores.invokeMethod(RunBefores.java:33)
	at org.junit.internal.runners.statements.RunBefores.evaluate(RunBefores.java:24)
	at org.junit.internal.runners.statements.RunAfters.evaluate(RunAfters.java:27)
	at org.junit.runners.ParentRunner$3.evaluate(ParentRunner.java:305)
	at org.junit.runners.BlockJUnit4ClassRunner$1.evaluate(BlockJUnit4ClassRunner.java:100)
	at org.junit.runners.ParentRunner.runLeaf(ParentRunner.java:365)
	at org.junit.runners.BlockJUnit4ClassRunner.runChild(BlockJUnit4ClassRunner.java:103)
	at org.junit.runners.BlockJUnit4ClassRunner.runChild(BlockJUnit4ClassRunner.java:63)
	at org.junit.runners.ParentRunner$4.run(ParentRunner.java:330)
	at org.junit.runners.ParentRunner$1.schedule(ParentRunner.java:78)
	at org.junit.runners.ParentRunner.runChildren(ParentRunner.java:328)
	at org.junit.runners.ParentRunner.access$100(ParentRunner.java:65)
	at org.junit.runners.ParentRunner$2.evaluate(ParentRunner.java:292)
	at org.junit.runners.ParentRunner$3.evaluate(ParentRunner.java:305)
	at org.junit.runners.ParentRunner.run(ParentRunner.java:412)
	at org.apache.maven.surefire.junit4.JUnit4Provider.execute(JUnit4Provider.java:252)
	at org.apache.maven.surefire.junit4.JUnit4Provider.executeTestSet(JUnit4Provider.java:141)
	at org.apache.maven.surefire.junit4.JUnit4Provider.invoke(JUnit4Provider.java:112)
	at sun.reflect.NativeMethodAccessorImpl.invoke0(Native Method)
	at sun.reflect.NativeMethodAccessorImpl.invoke(NativeMethodAccessorImpl.java:62)
	at sun.reflect.DelegatingMethodAccessorImpl.invoke(DelegatingMethodAccessorImpl.java:43)
	at java.lang.reflect.Method.invoke(Method.java:498)
	at org.apache.maven.surefire.util.ReflectionUtils.invokeMethodWithArray(ReflectionUtils.java:189)
	at org.apache.maven.surefire.booter.ProviderFactory$ProviderProxy.invoke(ProviderFactory.java:165)
	at org.apache.maven.surefire.booter.ProviderFactory.invokeProvider(ProviderFactory.java:85)
	at org.apache.maven.surefire.booter.ForkedBooter.runSuitesInProcess(ForkedBooter.java:115)
	at org.apache.maven.surefire.booter.ForkedBooter.main(ForkedBooter.java:75)
Caused by: java.lang.reflect.InvocationTargetException
	at sun.reflect.GeneratedMethodAccessor2.invoke(Unknown Source)
	at sun.reflect.DelegatingMethodAccessorImpl.invoke(DelegatingMethodAccessorImpl.java:43)
	at java.lang.reflect.Method.invoke(Method.java:498)
	at io.appium.java_client.remote.AppiumCommandExecutor$1.createSession(AppiumCommandExecutor.java:186)
	... 46 more
Caused by: org.openqa.selenium.WebDriverException: Unable to parse remote response: The URL &apos;/wsd/hub/session&apos; did not map to a valid resource
	at org.openqa.selenium.remote.ProtocolHandshake.createSession(ProtocolHandshake.java:115)
	... 50 more
Caused by: org.openqa.selenium.json.JsonException: Unable to determine type from: T. Last 1 characters read: T
Build info: version: &apos;3.141.59&apos;, revision: &apos;e82be7d358&apos;, time: &apos;2018-11-14T08:17:03&apos;
System info: host: &apos;inspiron&apos;, ip: &apos;192.168.10.142&apos;, os.name: &apos;Linux&apos;, os.arch: &apos;amd64&apos;, os.version: &apos;4.15.0-1036-oem&apos;, java.version: &apos;1.8.0_191&apos;
Driver info: driver.version: AndroidDriver
	at org.openqa.selenium.json.JsonInput.peek(JsonInput.java:122)
	at org.openqa.selenium.json.JsonTypeCoercer.lambda$null$6(JsonTypeCoercer.java:140)
	at org.openqa.selenium.json.JsonTypeCoercer.coerce(JsonTypeCoercer.java:126)
	at org.openqa.selenium.json.Json.toType(Json.java:69)
	at org.openqa.selenium.json.Json.toType(Json.java:55)
	at org.openqa.selenium.json.Json.toType(Json.java:50)
	at org.openqa.selenium.remote.ProtocolHandshake.createSession(ProtocolHandshake.java:112)
	... 50 more
</error>
  </testcase>
  <testcase classname="TestFerias" name="test_ferias_exibir_download_pdf" time="0.034">
    <error type="java.lang.NullPointerException">java.lang.NullPointerException
	at TestBase.tearDown(TestBase.java:214)
	at sun.reflect.GeneratedMethodAccessor3.invoke(Unknown Source)
	at sun.reflect.DelegatingMethodAccessorImpl.invoke(DelegatingMethodAccessorImpl.java:43)
	at java.lang.reflect.Method.invoke(Method.java:498)
	at org.junit.runners.model.FrameworkMethod$1.runReflectiveCall(FrameworkMethod.java:59)
	at org.junit.internal.runners.model.ReflectiveCallable.run(ReflectiveCallable.java:12)
	at org.junit.runners.model.FrameworkMethod.invokeExplosively(FrameworkMethod.java:56)
	at org.junit.internal.runners.statements.RunAfters.invokeMethod(RunAfters.java:46)
	at org.junit.internal.runners.statements.RunAfters.evaluate(RunAfters.java:33)
	at org.junit.runners.ParentRunner$3.evaluate(ParentRunner.java:305)
	at org.junit.runners.BlockJUnit4ClassRunner$1.evaluate(BlockJUnit4ClassRunner.java:100)
	at org.junit.runners.ParentRunner.runLeaf(ParentRunner.java:365)
	at org.junit.runners.BlockJUnit4ClassRunner.runChild(BlockJUnit4ClassRunner.java:103)
	at org.junit.runners.BlockJUnit4ClassRunner.runChild(BlockJUnit4ClassRunner.java:63)
	at org.junit.runners.ParentRunner$4.run(ParentRunner.java:330)
	at org.junit.runners.ParentRunner$1.schedule(ParentRunner.java:78)
	at org.junit.runners.ParentRunner.runChildren(ParentRunner.java:328)
	at org.junit.runners.ParentRunner.access$100(ParentRunner.java:65)
	at org.junit.runners.ParentRunner$2.evaluate(ParentRunner.java:292)
	at org.junit.runners.ParentRunner$3.evaluate(ParentRunner.java:305)
	at org.junit.runners.ParentRunner.run(ParentRunner.java:412)
	at org.apache.maven.surefire.junit4.JUnit4Provider.execute(JUnit4Provider.java:252)
	at org.apache.maven.surefire.junit4.JUnit4Provider.executeTestSet(JUnit4Provider.java:141)
	at org.apache.maven.surefire.junit4.JUnit4Provider.invoke(JUnit4Provider.java:112)
	at sun.reflect.NativeMethodAccessorImpl.invoke0(Native Method)
	at sun.reflect.NativeMethodAccessorImpl.invoke(NativeMethodAccessorImpl.java:62)
	at sun.reflect.DelegatingMethodAccessorImpl.invoke(DelegatingMethodAccessorImpl.java:43)
	at java.lang.reflect.Method.invoke(Method.java:498)
	at org.apache.maven.surefire.util.ReflectionUtils.invokeMethodWithArray(ReflectionUtils.java:189)
	at org.apache.maven.surefire.booter.ProviderFactory$ProviderProxy.invoke(ProviderFactory.java:165)
	at org.apache.maven.surefire.booter.ProviderFactory.invokeProvider(ProviderFactory.java:85)
	at org.apache.maven.surefire.booter.ForkedBooter.runSuitesInProcess(ForkedBooter.java:115)
	at org.apache.maven.surefire.booter.ForkedBooter.main(ForkedBooter.java:75)
</error>
  </testcase>
  <testcase classname="TestFerias" name="test_ferias_vizualizar_ferias" time="0.006">
    <error message="Unable to create a new remote session. Please check the server log for more details. Original error: Unable to parse remote response: The URL &apos;/wsd/hub/session&apos; did not map to a valid resource
Build info: version: &apos;3.141.59&apos;, revision: &apos;e82be7d358&apos;, time: &apos;2018-11-14T08:17:03&apos;
System info: host: &apos;inspiron&apos;, ip: &apos;192.168.10.142&apos;, os.name: &apos;Linux&apos;, os.arch: &apos;amd64&apos;, os.version: &apos;4.15.0-1036-oem&apos;, java.version: &apos;1.8.0_191&apos;
Driver info: driver.version: AndroidDriver" type="org.openqa.selenium.SessionNotCreatedException">org.openqa.selenium.SessionNotCreatedException: Unable to create a new remote session. Please check the server log for more details. Original error: Unable to parse remote response: The URL &apos;/wsd/hub/session&apos; did not map to a valid resource
Build info: version: &apos;3.141.59&apos;, revision: &apos;e82be7d358&apos;, time: &apos;2018-11-14T08:17:03&apos;
System info: host: &apos;inspiron&apos;, ip: &apos;192.168.10.142&apos;, os.name: &apos;Linux&apos;, os.arch: &apos;amd64&apos;, os.version: &apos;4.15.0-1036-oem&apos;, java.version: &apos;1.8.0_191&apos;
Driver info: driver.version: AndroidDriver
	at io.appium.java_client.remote.AppiumCommandExecutor$1.createSession(AppiumCommandExecutor.java:208)
	at io.appium.java_client.remote.AppiumCommandExecutor.createSession(AppiumCommandExecutor.java:217)
	at io.appium.java_client.remote.AppiumCommandExecutor.execute(AppiumCommandExecutor.java:239)
	at org.openqa.selenium.remote.RemoteWebDriver.execute(RemoteWebDriver.java:552)
	at io.appium.java_client.DefaultGenericMobileDriver.execute(DefaultGenericMobileDriver.java:42)
	at io.appium.java_client.AppiumDriver.execute(AppiumDriver.java:1)
	at io.appium.java_client.android.AndroidDriver.execute(AndroidDriver.java:1)
	at org.openqa.selenium.remote.RemoteWebDriver.startSession(RemoteWebDriver.java:213)
	at org.openqa.selenium.remote.RemoteWebDriver.&lt;init&gt;(RemoteWebDriver.java:131)
	at io.appium.java_client.DefaultGenericMobileDriver.&lt;init&gt;(DefaultGenericMobileDriver.java:38)
	at io.appium.java_client.AppiumDriver.&lt;init&gt;(AppiumDriver.java:84)
	at io.appium.java_client.AppiumDriver.&lt;init&gt;(AppiumDriver.java:94)
	at io.appium.java_client.android.AndroidDriver.&lt;init&gt;(AndroidDriver.java:95)
	at TestBase.setup(TestBase.java:52)
	at sun.reflect.GeneratedMethodAccessor1.invoke(Unknown Source)
	at sun.reflect.DelegatingMethodAccessorImpl.invoke(DelegatingMethodAccessorImpl.java:43)
	at java.lang.reflect.Method.invoke(Method.java:498)
	at org.junit.runners.model.FrameworkMethod$1.runReflectiveCall(FrameworkMethod.java:59)
	at org.junit.internal.runners.model.ReflectiveCallable.run(ReflectiveCallable.java:12)
	at org.junit.runners.model.FrameworkMethod.invokeExplosively(FrameworkMethod.java:56)
	at org.junit.internal.runners.statements.RunBefores.invokeMethod(RunBefores.java:33)
	at org.junit.internal.runners.statements.RunBefores.evaluate(RunBefores.java:24)
	at org.junit.internal.runners.statements.RunAfters.evaluate(RunAfters.java:27)
	at org.junit.runners.ParentRunner$3.evaluate(ParentRunner.java:305)
	at org.junit.runners.BlockJUnit4ClassRunner$1.evaluate(BlockJUnit4ClassRunner.java:100)
	at org.junit.runners.ParentRunner.runLeaf(ParentRunner.java:365)
	at org.junit.runners.BlockJUnit4ClassRunner.runChild(BlockJUnit4ClassRunner.java:103)
	at org.junit.runners.BlockJUnit4ClassRunner.runChild(BlockJUnit4ClassRunner.java:63)
	at org.junit.runners.ParentRunner$4.run(ParentRunner.java:330)
	at org.junit.runners.ParentRunner$1.schedule(ParentRunner.java:78)
	at org.junit.runners.ParentRunner.runChildren(ParentRunner.java:328)
	at org.junit.runners.ParentRunner.access$100(ParentRunner.java:65)
	at org.junit.runners.ParentRunner$2.evaluate(ParentRunner.java:292)
	at org.junit.runners.ParentRunner$3.evaluate(ParentRunner.java:305)
	at org.junit.runners.ParentRunner.run(ParentRunner.java:412)
	at org.apache.maven.surefire.junit4.JUnit4Provider.execute(JUnit4Provider.java:252)
	at org.apache.maven.surefire.junit4.JUnit4Provider.executeTestSet(JUnit4Provider.java:141)
	at org.apache.maven.surefire.junit4.JUnit4Provider.invoke(JUnit4Provider.java:112)
	at sun.reflect.NativeMethodAccessorImpl.invoke0(Native Method)
	at sun.reflect.NativeMethodAccessorImpl.invoke(NativeMethodAccessorImpl.java:62)
	at sun.reflect.DelegatingMethodAccessorImpl.invoke(DelegatingMethodAccessorImpl.java:43)
	at java.lang.reflect.Method.invoke(Method.java:498)
	at org.apache.maven.surefire.util.ReflectionUtils.invokeMethodWithArray(ReflectionUtils.java:189)
	at org.apache.maven.surefire.booter.ProviderFactory$ProviderProxy.invoke(ProviderFactory.java:165)
	at org.apache.maven.surefire.booter.ProviderFactory.invokeProvider(ProviderFactory.java:85)
	at org.apache.maven.surefire.booter.ForkedBooter.runSuitesInProcess(ForkedBooter.java:115)
	at org.apache.maven.surefire.booter.ForkedBooter.main(ForkedBooter.java:75)
Caused by: java.lang.reflect.InvocationTargetException
	at sun.reflect.GeneratedMethodAccessor2.invoke(Unknown Source)
	at sun.reflect.DelegatingMethodAccessorImpl.invoke(DelegatingMethodAccessorImpl.java:43)
	at java.lang.reflect.Method.invoke(Method.java:498)
	at io.appium.java_client.remote.AppiumCommandExecutor$1.createSession(AppiumCommandExecutor.java:186)
	... 46 more
Caused by: org.openqa.selenium.WebDriverException: Unable to parse remote response: The URL &apos;/wsd/hub/session&apos; did not map to a valid resource
	at org.openqa.selenium.remote.ProtocolHandshake.createSession(ProtocolHandshake.java:115)
	... 50 more
Caused by: org.openqa.selenium.json.JsonException: Unable to determine type from: T. Last 1 characters read: T
Build info: version: &apos;3.141.59&apos;, revision: &apos;e82be7d358&apos;, time: &apos;2018-11-14T08:17:03&apos;
System info: host: &apos;inspiron&apos;, ip: &apos;192.168.10.142&apos;, os.name: &apos;Linux&apos;, os.arch: &apos;amd64&apos;, os.version: &apos;4.15.0-1036-oem&apos;, java.version: &apos;1.8.0_191&apos;
Driver info: driver.version: AndroidDriver
	at org.openqa.selenium.json.JsonInput.peek(JsonInput.java:122)
	at org.openqa.selenium.json.JsonTypeCoercer.lambda$null$6(JsonTypeCoercer.java:140)
	at org.openqa.selenium.json.JsonTypeCoercer.coerce(JsonTypeCoercer.java:126)
	at org.openqa.selenium.json.Json.toType(Json.java:69)
	at org.openqa.selenium.json.Json.toType(Json.java:55)
	at org.openqa.selenium.json.Json.toType(Json.java:50)
	at org.openqa.selenium.remote.ProtocolHandshake.createSession(ProtocolHandshake.java:112)
	... 50 more
</error>
  </testcase>
  <testcase classname="TestFerias" name="test_ferias_vizualizar_ferias" time="0.006">
    <error type="java.lang.NullPointerException">java.lang.NullPointerException
	at TestBase.tearDown(TestBase.java:214)
	at sun.reflect.GeneratedMethodAccessor3.invoke(Unknown Source)
	at sun.reflect.DelegatingMethodAccessorImpl.invoke(DelegatingMethodAccessorImpl.java:43)
	at java.lang.reflect.Method.invoke(Method.java:498)
	at org.junit.runners.model.FrameworkMethod$1.runReflectiveCall(FrameworkMethod.java:59)
	at org.junit.internal.runners.model.ReflectiveCallable.run(ReflectiveCallable.java:12)
	at org.junit.runners.model.FrameworkMethod.invokeExplosively(FrameworkMethod.java:56)
	at org.junit.internal.runners.statements.RunAfters.invokeMethod(RunAfters.java:46)
	at org.junit.internal.runners.statements.RunAfters.evaluate(RunAfters.java:33)
	at org.junit.runners.ParentRunner$3.evaluate(ParentRunner.java:305)
	at org.junit.runners.BlockJUnit4ClassRunner$1.evaluate(BlockJUnit4ClassRunner.java:100)
	at org.junit.runners.ParentRunner.runLeaf(ParentRunner.java:365)
	at org.junit.runners.BlockJUnit4ClassRunner.runChild(BlockJUnit4ClassRunner.java:103)
	at org.junit.runners.BlockJUnit4ClassRunner.runChild(BlockJUnit4ClassRunner.java:63)
	at org.junit.runners.ParentRunner$4.run(ParentRunner.java:330)
	at org.junit.runners.ParentRunner$1.schedule(ParentRunner.java:78)
	at org.junit.runners.ParentRunner.runChildren(ParentRunner.java:328)
	at org.junit.runners.ParentRunner.access$100(ParentRunner.java:65)
	at org.junit.runners.ParentRunner$2.evaluate(ParentRunner.java:292)
	at org.junit.runners.ParentRunner$3.evaluate(ParentRunner.java:305)
	at org.junit.runners.ParentRunner.run(ParentRunner.java:412)
	at org.apache.maven.surefire.junit4.JUnit4Provider.execute(JUnit4Provider.java:252)
	at org.apache.maven.surefire.junit4.JUnit4Provider.executeTestSet(JUnit4Provider.java:141)
	at org.apache.maven.surefire.junit4.JUnit4Provider.invoke(JUnit4Provider.java:112)
	at sun.reflect.NativeMethodAccessorImpl.invoke0(Native Method)
	at sun.reflect.NativeMethodAccessorImpl.invoke(NativeMethodAccessorImpl.java:62)
	at sun.reflect.DelegatingMethodAccessorImpl.invoke(DelegatingMethodAccessorImpl.java:43)
	at java.lang.reflect.Method.invoke(Method.java:498)
	at org.apache.maven.surefire.util.ReflectionUtils.invokeMethodWithArray(ReflectionUtils.java:189)
	at org.apache.maven.surefire.booter.ProviderFactory$ProviderProxy.invoke(ProviderFactory.java:165)
	at org.apache.maven.surefire.booter.ProviderFactory.invokeProvider(ProviderFactory.java:85)
	at org.apache.maven.surefire.booter.ForkedBooter.runSuitesInProcess(ForkedBooter.java:115)
	at org.apache.maven.surefire.booter.ForkedBooter.main(ForkedBooter.java:75)
</error>
  </testcase>
  <testcase classname="TestFerias" name="test_ferias_refresh" time="0.005">
    <error message="Unable to create a new remote session. Please check the server log for more details. Original error: Unable to parse remote response: The URL &apos;/wsd/hub/session&apos; did not map to a valid resource
Build info: version: &apos;3.141.59&apos;, revision: &apos;e82be7d358&apos;, time: &apos;2018-11-14T08:17:03&apos;
System info: host: &apos;inspiron&apos;, ip: &apos;192.168.10.142&apos;, os.name: &apos;Linux&apos;, os.arch: &apos;amd64&apos;, os.version: &apos;4.15.0-1036-oem&apos;, java.version: &apos;1.8.0_191&apos;
Driver info: driver.version: AndroidDriver" type="org.openqa.selenium.SessionNotCreatedException">org.openqa.selenium.SessionNotCreatedException: Unable to create a new remote session. Please check the server log for more details. Original error: Unable to parse remote response: The URL &apos;/wsd/hub/session&apos; did not map to a valid resource
Build info: version: &apos;3.141.59&apos;, revision: &apos;e82be7d358&apos;, time: &apos;2018-11-14T08:17:03&apos;
System info: host: &apos;inspiron&apos;, ip: &apos;192.168.10.142&apos;, os.name: &apos;Linux&apos;, os.arch: &apos;amd64&apos;, os.version: &apos;4.15.0-1036-oem&apos;, java.version: &apos;1.8.0_191&apos;
Driver info: driver.version: AndroidDriver
	at io.appium.java_client.remote.AppiumCommandExecutor$1.createSession(AppiumCommandExecutor.java:208)
	at io.appium.java_client.remote.AppiumCommandExecutor.createSession(AppiumCommandExecutor.java:217)
	at io.appium.java_client.remote.AppiumCommandExecutor.execute(AppiumCommandExecutor.java:239)
	at org.openqa.selenium.remote.RemoteWebDriver.execute(RemoteWebDriver.java:552)
	at io.appium.java_client.DefaultGenericMobileDriver.execute(DefaultGenericMobileDriver.java:42)
	at io.appium.java_client.AppiumDriver.execute(AppiumDriver.java:1)
	at io.appium.java_client.android.AndroidDriver.execute(AndroidDriver.java:1)
	at org.openqa.selenium.remote.RemoteWebDriver.startSession(RemoteWebDriver.java:213)
	at org.openqa.selenium.remote.RemoteWebDriver.&lt;init&gt;(RemoteWebDriver.java:131)
	at io.appium.java_client.DefaultGenericMobileDriver.&lt;init&gt;(DefaultGenericMobileDriver.java:38)
	at io.appium.java_client.AppiumDriver.&lt;init&gt;(AppiumDriver.java:84)
	at io.appium.java_client.AppiumDriver.&lt;init&gt;(AppiumDriver.java:94)
	at io.appium.java_client.android.AndroidDriver.&lt;init&gt;(AndroidDriver.java:95)
	at TestBase.setup(TestBase.java:52)
	at sun.reflect.GeneratedMethodAccessor1.invoke(Unknown Source)
	at sun.reflect.DelegatingMethodAccessorImpl.invoke(DelegatingMethodAccessorImpl.java:43)
	at java.lang.reflect.Method.invoke(Method.java:498)
	at org.junit.runners.model.FrameworkMethod$1.runReflectiveCall(FrameworkMethod.java:59)
	at org.junit.internal.runners.model.ReflectiveCallable.run(ReflectiveCallable.java:12)
	at org.junit.runners.model.FrameworkMethod.invokeExplosively(FrameworkMethod.java:56)
	at org.junit.internal.runners.statements.RunBefores.invokeMethod(RunBefores.java:33)
	at org.junit.internal.runners.statements.RunBefores.evaluate(RunBefores.java:24)
	at org.junit.internal.runners.statements.RunAfters.evaluate(RunAfters.java:27)
	at org.junit.runners.ParentRunner$3.evaluate(ParentRunner.java:305)
	at org.junit.runners.BlockJUnit4ClassRunner$1.evaluate(BlockJUnit4ClassRunner.java:100)
	at org.junit.runners.ParentRunner.runLeaf(ParentRunner.java:365)
	at org.junit.runners.BlockJUnit4ClassRunner.runChild(BlockJUnit4ClassRunner.java:103)
	at org.junit.runners.BlockJUnit4ClassRunner.runChild(BlockJUnit4ClassRunner.java:63)
	at org.junit.runners.ParentRunner$4.run(ParentRunner.java:330)
	at org.junit.runners.ParentRunner$1.schedule(ParentRunner.java:78)
	at org.junit.runners.ParentRunner.runChildren(ParentRunner.java:328)
	at org.junit.runners.ParentRunner.access$100(ParentRunner.java:65)
	at org.junit.runners.ParentRunner$2.evaluate(ParentRunner.java:292)
	at org.junit.runners.ParentRunner$3.evaluate(ParentRunner.java:305)
	at org.junit.runners.ParentRunner.run(ParentRunner.java:412)
	at org.apache.maven.surefire.junit4.JUnit4Provider.execute(JUnit4Provider.java:252)
	at org.apache.maven.surefire.junit4.JUnit4Provider.executeTestSet(JUnit4Provider.java:141)
	at org.apache.maven.surefire.junit4.JUnit4Provider.invoke(JUnit4Provider.java:112)
	at sun.reflect.NativeMethodAccessorImpl.invoke0(Native Method)
	at sun.reflect.NativeMethodAccessorImpl.invoke(NativeMethodAccessorImpl.java:62)
	at sun.reflect.DelegatingMethodAccessorImpl.invoke(DelegatingMethodAccessorImpl.java:43)
	at java.lang.reflect.Method.invoke(Method.java:498)
	at org.apache.maven.surefire.util.ReflectionUtils.invokeMethodWithArray(ReflectionUtils.java:189)
	at org.apache.maven.surefire.booter.ProviderFactory$ProviderProxy.invoke(ProviderFactory.java:165)
	at org.apache.maven.surefire.booter.ProviderFactory.invokeProvider(ProviderFactory.java:85)
	at org.apache.maven.surefire.booter.ForkedBooter.runSuitesInProcess(ForkedBooter.java:115)
	at org.apache.maven.surefire.booter.ForkedBooter.main(ForkedBooter.java:75)
Caused by: java.lang.reflect.InvocationTargetException
	at sun.reflect.GeneratedMethodAccessor2.invoke(Unknown Source)
	at sun.reflect.DelegatingMethodAccessorImpl.invoke(DelegatingMethodAccessorImpl.java:43)
	at java.lang.reflect.Method.invoke(Method.java:498)
	at io.appium.java_client.remote.AppiumCommandExecutor$1.createSession(AppiumCommandExecutor.java:186)
	... 46 more
Caused by: org.openqa.selenium.WebDriverException: Unable to parse remote response: The URL &apos;/wsd/hub/session&apos; did not map to a valid resource
	at org.openqa.selenium.remote.ProtocolHandshake.createSession(ProtocolHandshake.java:115)
	... 50 more
Caused by: org.openqa.selenium.json.JsonException: Unable to determine type from: T. Last 1 characters read: T
Build info: version: &apos;3.141.59&apos;, revision: &apos;e82be7d358&apos;, time: &apos;2018-11-14T08:17:03&apos;
System info: host: &apos;inspiron&apos;, ip: &apos;192.168.10.142&apos;, os.name: &apos;Linux&apos;, os.arch: &apos;amd64&apos;, os.version: &apos;4.15.0-1036-oem&apos;, java.version: &apos;1.8.0_191&apos;
Driver info: driver.version: AndroidDriver
	at org.openqa.selenium.json.JsonInput.peek(JsonInput.java:122)
	at org.openqa.selenium.json.JsonTypeCoercer.lambda$null$6(JsonTypeCoercer.java:140)
	at org.openqa.selenium.json.JsonTypeCoercer.coerce(JsonTypeCoercer.java:126)
	at org.openqa.selenium.json.Json.toType(Json.java:69)
	at org.openqa.selenium.json.Json.toType(Json.java:55)
	at org.openqa.selenium.json.Json.toType(Json.java:50)
	at org.openqa.selenium.remote.ProtocolHandshake.createSession(ProtocolHandshake.java:112)
	... 50 more
</error>
  </testcase>
  <testcase classname="TestFerias" name="test_ferias_refresh" time="0.005">
    <error type="java.lang.NullPointerException">java.lang.NullPointerException
	at TestBase.tearDown(TestBase.java:214)
	at sun.reflect.GeneratedMethodAccessor3.invoke(Unknown Source)
	at sun.reflect.DelegatingMethodAccessorImpl.invoke(DelegatingMethodAccessorImpl.java:43)
	at java.lang.reflect.Method.invoke(Method.java:498)
	at org.junit.runners.model.FrameworkMethod$1.runReflectiveCall(FrameworkMethod.java:59)
	at org.junit.internal.runners.model.ReflectiveCallable.run(ReflectiveCallable.java:12)
	at org.junit.runners.model.FrameworkMethod.invokeExplosively(FrameworkMethod.java:56)
	at org.junit.internal.runners.statements.RunAfters.invokeMethod(RunAfters.java:46)
	at org.junit.internal.runners.statements.RunAfters.evaluate(RunAfters.java:33)
	at org.junit.runners.ParentRunner$3.evaluate(ParentRunner.java:305)
	at org.junit.runners.BlockJUnit4ClassRunner$1.evaluate(BlockJUnit4ClassRunner.java:100)
	at org.junit.runners.ParentRunner.runLeaf(ParentRunner.java:365)
	at org.junit.runners.BlockJUnit4ClassRunner.runChild(BlockJUnit4ClassRunner.java:103)
	at org.junit.runners.BlockJUnit4ClassRunner.runChild(BlockJUnit4ClassRunner.java:63)
	at org.junit.runners.ParentRunner$4.run(ParentRunner.java:330)
	at org.junit.runners.ParentRunner$1.schedule(ParentRunner.java:78)
	at org.junit.runners.ParentRunner.runChildren(ParentRunner.java:328)
	at org.junit.runners.ParentRunner.access$100(ParentRunner.java:65)
	at org.junit.runners.ParentRunner$2.evaluate(ParentRunner.java:292)
	at org.junit.runners.ParentRunner$3.evaluate(ParentRunner.java:305)
	at org.junit.runners.ParentRunner.run(ParentRunner.java:412)
	at org.apache.maven.surefire.junit4.JUnit4Provider.execute(JUnit4Provider.java:252)
	at org.apache.maven.surefire.junit4.JUnit4Provider.executeTestSet(JUnit4Provider.java:141)
	at org.apache.maven.surefire.junit4.JUnit4Provider.invoke(JUnit4Provider.java:112)
	at sun.reflect.NativeMethodAccessorImpl.invoke0(Native Method)
	at sun.reflect.NativeMethodAccessorImpl.invoke(NativeMethodAccessorImpl.java:62)
	at sun.reflect.DelegatingMethodAccessorImpl.invoke(DelegatingMethodAccessorImpl.java:43)
	at java.lang.reflect.Method.invoke(Method.java:498)
	at org.apache.maven.surefire.util.ReflectionUtils.invokeMethodWithArray(ReflectionUtils.java:189)
	at org.apache.maven.surefire.booter.ProviderFactory$ProviderProxy.invoke(ProviderFactory.java:165)
	at org.apache.maven.surefire.booter.ProviderFactory.invokeProvider(ProviderFactory.java:85)
	at org.apache.maven.surefire.booter.ForkedBooter.runSuitesInProcess(ForkedBooter.java:115)
	at org.apache.maven.surefire.booter.ForkedBooter.main(ForkedBooter.java:75)
</error>
  </testcase>
  <testcase classname="TestFerias" name="test_ferias_folha_empty_state" time="0.005">
    <error message="Unable to create a new remote session. Please check the server log for more details. Original error: Unable to parse remote response: The URL &apos;/wsd/hub/session&apos; did not map to a valid resource
Build info: version: &apos;3.141.59&apos;, revision: &apos;e82be7d358&apos;, time: &apos;2018-11-14T08:17:03&apos;
System info: host: &apos;inspiron&apos;, ip: &apos;192.168.10.142&apos;, os.name: &apos;Linux&apos;, os.arch: &apos;amd64&apos;, os.version: &apos;4.15.0-1036-oem&apos;, java.version: &apos;1.8.0_191&apos;
Driver info: driver.version: AndroidDriver" type="org.openqa.selenium.SessionNotCreatedException">org.openqa.selenium.SessionNotCreatedException: Unable to create a new remote session. Please check the server log for more details. Original error: Unable to parse remote response: The URL &apos;/wsd/hub/session&apos; did not map to a valid resource
Build info: version: &apos;3.141.59&apos;, revision: &apos;e82be7d358&apos;, time: &apos;2018-11-14T08:17:03&apos;
System info: host: &apos;inspiron&apos;, ip: &apos;192.168.10.142&apos;, os.name: &apos;Linux&apos;, os.arch: &apos;amd64&apos;, os.version: &apos;4.15.0-1036-oem&apos;, java.version: &apos;1.8.0_191&apos;
Driver info: driver.version: AndroidDriver
	at io.appium.java_client.remote.AppiumCommandExecutor$1.createSession(AppiumCommandExecutor.java:208)
	at io.appium.java_client.remote.AppiumCommandExecutor.createSession(AppiumCommandExecutor.java:217)
	at io.appium.java_client.remote.AppiumCommandExecutor.execute(AppiumCommandExecutor.java:239)
	at org.openqa.selenium.remote.RemoteWebDriver.execute(RemoteWebDriver.java:552)
	at io.appium.java_client.DefaultGenericMobileDriver.execute(DefaultGenericMobileDriver.java:42)
	at io.appium.java_client.AppiumDriver.execute(AppiumDriver.java:1)
	at io.appium.java_client.android.AndroidDriver.execute(AndroidDriver.java:1)
	at org.openqa.selenium.remote.RemoteWebDriver.startSession(RemoteWebDriver.java:213)
	at org.openqa.selenium.remote.RemoteWebDriver.&lt;init&gt;(RemoteWebDriver.java:131)
	at io.appium.java_client.DefaultGenericMobileDriver.&lt;init&gt;(DefaultGenericMobileDriver.java:38)
	at io.appium.java_client.AppiumDriver.&lt;init&gt;(AppiumDriver.java:84)
	at io.appium.java_client.AppiumDriver.&lt;init&gt;(AppiumDriver.java:94)
	at io.appium.java_client.android.AndroidDriver.&lt;init&gt;(AndroidDriver.java:95)
	at TestBase.setup(TestBase.java:52)
	at sun.reflect.GeneratedMethodAccessor1.invoke(Unknown Source)
	at sun.reflect.DelegatingMethodAccessorImpl.invoke(DelegatingMethodAccessorImpl.java:43)
	at java.lang.reflect.Method.invoke(Method.java:498)
	at org.junit.runners.model.FrameworkMethod$1.runReflectiveCall(FrameworkMethod.java:59)
	at org.junit.internal.runners.model.ReflectiveCallable.run(ReflectiveCallable.java:12)
	at org.junit.runners.model.FrameworkMethod.invokeExplosively(FrameworkMethod.java:56)
	at org.junit.internal.runners.statements.RunBefores.invokeMethod(RunBefores.java:33)
	at org.junit.internal.runners.statements.RunBefores.evaluate(RunBefores.java:24)
	at org.junit.internal.runners.statements.RunAfters.evaluate(RunAfters.java:27)
	at org.junit.runners.ParentRunner$3.evaluate(ParentRunner.java:305)
	at org.junit.runners.BlockJUnit4ClassRunner$1.evaluate(BlockJUnit4ClassRunner.java:100)
	at org.junit.runners.ParentRunner.runLeaf(ParentRunner.java:365)
	at org.junit.runners.BlockJUnit4ClassRunner.runChild(BlockJUnit4ClassRunner.java:103)
	at org.junit.runners.BlockJUnit4ClassRunner.runChild(BlockJUnit4ClassRunner.java:63)
	at org.junit.runners.ParentRunner$4.run(ParentRunner.java:330)
	at org.junit.runners.ParentRunner$1.schedule(ParentRunner.java:78)
	at org.junit.runners.ParentRunner.runChildren(ParentRunner.java:328)
	at org.junit.runners.ParentRunner.access$100(ParentRunner.java:65)
	at org.junit.runners.ParentRunner$2.evaluate(ParentRunner.java:292)
	at org.junit.runners.ParentRunner$3.evaluate(ParentRunner.java:305)
	at org.junit.runners.ParentRunner.run(ParentRunner.java:412)
	at org.apache.maven.surefire.junit4.JUnit4Provider.execute(JUnit4Provider.java:252)
	at org.apache.maven.surefire.junit4.JUnit4Provider.executeTestSet(JUnit4Provider.java:141)
	at org.apache.maven.surefire.junit4.JUnit4Provider.invoke(JUnit4Provider.java:112)
	at sun.reflect.NativeMethodAccessorImpl.invoke0(Native Method)
	at sun.reflect.NativeMethodAccessorImpl.invoke(NativeMethodAccessorImpl.java:62)
	at sun.reflect.DelegatingMethodAccessorImpl.invoke(DelegatingMethodAccessorImpl.java:43)
	at java.lang.reflect.Method.invoke(Method.java:498)
	at org.apache.maven.surefire.util.ReflectionUtils.invokeMethodWithArray(ReflectionUtils.java:189)
	at org.apache.maven.surefire.booter.ProviderFactory$ProviderProxy.invoke(ProviderFactory.java:165)
	at org.apache.maven.surefire.booter.ProviderFactory.invokeProvider(ProviderFactory.java:85)
	at org.apache.maven.surefire.booter.ForkedBooter.runSuitesInProcess(ForkedBooter.java:115)
	at org.apache.maven.surefire.booter.ForkedBooter.main(ForkedBooter.java:75)
Caused by: java.lang.reflect.InvocationTargetException
	at sun.reflect.GeneratedMethodAccessor2.invoke(Unknown Source)
	at sun.reflect.DelegatingMethodAccessorImpl.invoke(DelegatingMethodAccessorImpl.java:43)
	at java.lang.reflect.Method.invoke(Method.java:498)
	at io.appium.java_client.remote.AppiumCommandExecutor$1.createSession(AppiumCommandExecutor.java:186)
	... 46 more
Caused by: org.openqa.selenium.WebDriverException: Unable to parse remote response: The URL &apos;/wsd/hub/session&apos; did not map to a valid resource
	at org.openqa.selenium.remote.ProtocolHandshake.createSession(ProtocolHandshake.java:115)
	... 50 more
Caused by: org.openqa.selenium.json.JsonException: Unable to determine type from: T. Last 1 characters read: T
Build info: version: &apos;3.141.59&apos;, revision: &apos;e82be7d358&apos;, time: &apos;2018-11-14T08:17:03&apos;
System info: host: &apos;inspiron&apos;, ip: &apos;192.168.10.142&apos;, os.name: &apos;Linux&apos;, os.arch: &apos;amd64&apos;, os.version: &apos;4.15.0-1036-oem&apos;, java.version: &apos;1.8.0_191&apos;
Driver info: driver.version: AndroidDriver
	at org.openqa.selenium.json.JsonInput.peek(JsonInput.java:122)
	at org.openqa.selenium.json.JsonTypeCoercer.lambda$null$6(JsonTypeCoercer.java:140)
	at org.openqa.selenium.json.JsonTypeCoercer.coerce(JsonTypeCoercer.java:126)
	at org.openqa.selenium.json.Json.toType(Json.java:69)
	at org.openqa.selenium.json.Json.toType(Json.java:55)
	at org.openqa.selenium.json.Json.toType(Json.java:50)
	at org.openqa.selenium.remote.ProtocolHandshake.createSession(ProtocolHandshake.java:112)
	... 50 more
</error>
  </testcase>
  <testcase classname="TestFerias" name="test_ferias_folha_empty_state" time="0.006">
    <error type="java.lang.NullPointerException">java.lang.NullPointerException
	at TestBase.tearDown(TestBase.java:214)
	at sun.reflect.GeneratedMethodAccessor3.invoke(Unknown Source)
	at sun.reflect.DelegatingMethodAccessorImpl.invoke(DelegatingMethodAccessorImpl.java:43)
	at java.lang.reflect.Method.invoke(Method.java:498)
	at org.junit.runners.model.FrameworkMethod$1.runReflectiveCall(FrameworkMethod.java:59)
	at org.junit.internal.runners.model.ReflectiveCallable.run(ReflectiveCallable.java:12)
	at org.junit.runners.model.FrameworkMethod.invokeExplosively(FrameworkMethod.java:56)
	at org.junit.internal.runners.statements.RunAfters.invokeMethod(RunAfters.java:46)
	at org.junit.internal.runners.statements.RunAfters.evaluate(RunAfters.java:33)
	at org.junit.runners.ParentRunner$3.evaluate(ParentRunner.java:305)
	at org.junit.runners.BlockJUnit4ClassRunner$1.evaluate(BlockJUnit4ClassRunner.java:100)
	at org.junit.runners.ParentRunner.runLeaf(ParentRunner.java:365)
	at org.junit.runners.BlockJUnit4ClassRunner.runChild(BlockJUnit4ClassRunner.java:103)
	at org.junit.runners.BlockJUnit4ClassRunner.runChild(BlockJUnit4ClassRunner.java:63)
	at org.junit.runners.ParentRunner$4.run(ParentRunner.java:330)
	at org.junit.runners.ParentRunner$1.schedule(ParentRunner.java:78)
	at org.junit.runners.ParentRunner.runChildren(ParentRunner.java:328)
	at org.junit.runners.ParentRunner.access$100(ParentRunner.java:65)
	at org.junit.runners.ParentRunner$2.evaluate(ParentRunner.java:292)
	at org.junit.runners.ParentRunner$3.evaluate(ParentRunner.java:305)
	at org.junit.runners.ParentRunner.run(ParentRunner.java:412)
	at org.apache.maven.surefire.junit4.JUnit4Provider.execute(JUnit4Provider.java:252)
	at org.apache.maven.surefire.junit4.JUnit4Provider.executeTestSet(JUnit4Provider.java:141)
	at org.apache.maven.surefire.junit4.JUnit4Provider.invoke(JUnit4Provider.java:112)
	at sun.reflect.NativeMethodAccessorImpl.invoke0(Native Method)
	at sun.reflect.NativeMethodAccessorImpl.invoke(NativeMethodAccessorImpl.java:62)
	at sun.reflect.DelegatingMethodAccessorImpl.invoke(DelegatingMethodAccessorImpl.java:43)
	at java.lang.reflect.Method.invoke(Method.java:498)
	at org.apache.maven.surefire.util.ReflectionUtils.invokeMethodWithArray(ReflectionUtils.java:189)
	at org.apache.maven.surefire.booter.ProviderFactory$ProviderProxy.invoke(ProviderFactory.java:165)
	at org.apache.maven.surefire.booter.ProviderFactory.invokeProvider(ProviderFactory.java:85)
	at org.apache.maven.surefire.booter.ForkedBooter.runSuitesInProcess(ForkedBooter.java:115)
	at org.apache.maven.surefire.booter.ForkedBooter.main(ForkedBooter.java:75)
</error>
  </testcase>
</testsuite>