<?xml version="1.0" encoding="UTF-8" ?>
<testsuite tests="14" failures="1" name="TestLogin" time="369.656" errors="0" skipped="0">
  <properties>
[...]
</properties>
  <testcase classname="TestLogin" name="test_campos_vazios" time="11.7"/>
  <testcase classname="TestLogin" name="login_cognito_sem_empresa" time="25.32"/>
  <testcase classname="TestLogin" name="test_recuperar_senha" time="12.79"/>
  <testcase classname="TestLogin" name="test_recuperar_senha_cpf_invalido" time="18.94"/>
  <testcase classname="TestLogin" name="test_recuperar_senha_minimizar" time="27.737"/>
  <testcase classname="TestLogin" name="test_recuperar_senha_minimizar_loading" time="20.179"/>
  <testcase classname="TestLogin" name="test_cpfvalido_senhaincorreta" time="17.236">
    <failure message="Não está exibindo o texto &quot;CPF ou senha incorretos&quot; e sim &quot;CPF ou senhas incorretos&quot;" type="java.lang.AssertionError">java.lang.AssertionError: Não está exibindo o texto &quot;CPF ou senha incorretos&quot; e sim &quot;CPF ou senhas incorretos&quot;
	at org.junit.Assert.fail(Assert.java:89)
	at TestLogin.test_cpfvalido_senhaincorreta(TestLogin.java:75)
	at sun.reflect.NativeMethodAccessorImpl.invoke0(Native Method)
	at sun.reflect.NativeMethodAccessorImpl.invoke(NativeMethodAccessorImpl.java:62)
	at sun.reflect.DelegatingMethodAccessorImpl.invoke(DelegatingMethodAccessorImpl.java:43)
	at java.lang.reflect.Method.invoke(Method.java:498)
	at org.junit.runners.model.FrameworkMethod$1.runReflectiveCall(FrameworkMethod.java:59)
	at org.junit.internal.runners.model.ReflectiveCallable.run(ReflectiveCallable.java:12)
	at org.junit.runners.model.FrameworkMethod.invokeExplosively(FrameworkMethod.java:56)
	at org.junit.internal.runners.statements.InvokeMethod.evaluate(InvokeMethod.java:17)
	at org.junit.internal.runners.statements.RunBefores.evaluate(RunBefores.java:26)
	at org.junit.internal.runners.statements.RunAfters.evaluate(RunAfters.java:27)
	at org.junit.runners.ParentRunner$3.evaluate(ParentRunner.java:305)
	at org.junit.runners.BlockJUnit4ClassRunner$1.evaluate(BlockJUnit4ClassRunner.java:100)
	at org.junit.runners.ParentRunner.runLeaf(ParentRunner.java:365)
	at org.junit.runners.BlockJUnit4ClassRunner.runChild(BlockJUnit4ClassRunner.java:103)
	at org.junit.runners.BlockJUnit4ClassRunner.runChild(BlockJUnit4ClassRunner.java:63)
	at org.junit.runners.ParentRunner$4.run(ParentRunner.java:330)
	at org.junit.runners.ParentRunner$1.schedule(ParentRunner.java:78)
	at org.junit.runners.ParentRunner.runChildren(ParentRunner.java:328)
	at org.junit.runners.ParentRunner.access$100(ParentRunner.java:65)
	at org.junit.runners.ParentRunner$2.evaluate(ParentRunner.java:292)
	at org.junit.runners.ParentRunner$3.evaluate(ParentRunner.java:305)
	at org.junit.runners.ParentRunner.run(ParentRunner.java:412)
	at org.apache.maven.surefire.junit4.JUnit4Provider.execute(JUnit4Provider.java:252)
	at org.apache.maven.surefire.junit4.JUnit4Provider.executeTestSet(JUnit4Provider.java:141)
	at org.apache.maven.surefire.junit4.JUnit4Provider.invoke(JUnit4Provider.java:112)
	at sun.reflect.NativeMethodAccessorImpl.invoke0(Native Method)
	at sun.reflect.NativeMethodAccessorImpl.invoke(NativeMethodAccessorImpl.java:62)
	at sun.reflect.DelegatingMethodAccessorImpl.invoke(DelegatingMethodAccessorImpl.java:43)
	at java.lang.reflect.Method.invoke(Method.java:498)
	at org.apache.maven.surefire.util.ReflectionUtils.invokeMethodWithArray(ReflectionUtils.java:189)
	at org.apache.maven.surefire.booter.ProviderFactory$ProviderProxy.invoke(ProviderFactory.java:165)
	at org.apache.maven.surefire.booter.ProviderFactory.invokeProvider(ProviderFactory.java:85)
	at org.apache.maven.surefire.booter.ForkedBooter.runSuitesInProcess(ForkedBooter.java:115)
	at org.apache.maven.surefire.booter.ForkedBooter.main(ForkedBooter.java:75)
</failure>
    <system-err>abr 24, 2019 8:17:39 PM io.appium.java_client.remote.AppiumCommandExecutor$1 lambda$0
INFO: Detected dialect: W3C
</system-err>
  </testcase>
  <testcase classname="TestLogin" name="solicite_primeiro_acesso" time="22.797"/>
  <testcase classname="TestLogin" name="test_minimizar" time="38.159"/>
  <testcase classname="TestLogin" name="test_login_correto" time="32.095"/>
  <testcase classname="TestLogin" name="test_login_logout_login_diffacc" time="60.674"/>
  <testcase classname="TestLogin" name="test_credenciais_incorretas" time="23.161"/>
  <testcase classname="TestLogin" name="test_cpf_invalido" time="13.185"/>
  <testcase classname="TestLogin" name="test_login_logout_login_sameacc" time="45.683"/>
</testsuite>